<?xml version="1.0" encoding="UTF-8"?>
<testsuite name="TestSuite" time="34.771" tests="6" errors="0" skipped="0" failures="2">
  <properties>
[...]
</properties>
  <testcase name="launchHomePage" classname="BranchIO.com.HomePageTest" time="1.518"/>
  <testcase name="HomePage_team" classname="BranchIO.com.HomePageTest" time="5.559"/>
  <testcase name="varifyEmployeeList" classname="BranchIO.com.HomePageTest" time="13.14">
    <failure message="expected [true] but found [false]" type="java.lang.AssertionError">java.lang.AssertionError: expected [true] but found [false]
	at org.testng.Assert.fail(Assert.java:94)
	at org.testng.Assert.failNotEquals(Assert.java:494)
	at org.testng.Assert.assertTrue(Assert.java:42)
	at org.testng.Assert.assertTrue(Assert.java:52)
	at BranchIO.com.HomePageTest.varifyEmployeeList(HomePageTest.java:183)
</failure>
    <system-out><![CDATA[Engineer Employee:  *******
Not Found: EVGENIY (GENE) HAYDAMAKHA
Not Found: HEMANTH SRIDHARA ASHALATHA
Not Found: MICHAEL NORDBERG
Not Found: RUTH M. PARDEE
Data Employee:  *******
Not Found: KAN YU
Product Employee:  *******
PartnerGrowth Employee :  *******
Not Found: ADAM MICHALSKI
Not Found: JARED BEN-JAMIN
Not Found: PATRICK VAN DER STEEN
Marketing Employee:  *******
Not Found: EVGENIY (GENE) HAYDAMAKHA
Not Found: HEMANTH SRIDHARA ASHALATHA
Not Found: MICHAEL NORDBERG
Not Found: RUTH M. PARDEE
]]></system-out>
  </testcase>
  <testcase name="validateNumberOfEmployee" classname="BranchIO.com.HomePageTest" time="0.114">
    <failure message="expected [124] but found [120]" type="java.lang.AssertionError">java.lang.AssertionError: expected [124] but found [120]
	at org.testng.Assert.fail(Assert.java:94)
	at org.testng.Assert.failNotEquals(Assert.java:494)
	at org.testng.Assert.assertEquals(Assert.java:123)
	at org.testng.Assert.assertEquals(Assert.java:370)
	at org.testng.Assert.assertEquals(Assert.java:380)
	at BranchIO.com.HomePageTest.validateNumberOfEmployee(HomePageTest.java:221)
</failure>
    <system-out><![CDATA[**************Total count of employee: 124
**************Totla count of each Department: 120
]]></system-out>
  </testcase>
  <testcase name="navigateHomePageWithGoogle" classname="BranchIO.com.HomePageTest" time="13.361"/>
  <testcase name="openNewtab" classname="BranchIO.com.HomePageTest" time="1.079"/>
</testsuite>