<?xml version="1.0" encoding="UTF-8"?>
<!-- Generated by org.testng.reporters.JUnitXMLReporter -->
<testsuite hostname="Manjus-MacBook-Pro.local" ignored="0" name="TC004_ch " tests="6" failures="0" timestamp="14 Sep 2018 07:45:29 GMT" time="0.048" errors="0">
  <testcase name="@BeforeClass setupEn" time="0.009" classname="BranchIO.com.Base">
    <failure type="java.io.FileNotFoundException" message="/Users/manjujain./RestAssured/locator_expectedValue.properties (No such file or directory)">
      <![CDATA[java.io.FileNotFoundException: /Users/manjujain./RestAssured/locator_expectedValue.properties (No such file or directory)
at java.io.FileInputStream.open0(Native Method)
at java.io.FileInputStream.open(FileInputStream.java:195)
at java.io.FileInputStream.<init>(FileInputStream.java:138)
at BranchIO.com.Base.setupEn(Base.java:29)
... Removed 26 stack frames]]>
    </failure>
  </testcase> <!-- @BeforeClass setupEn -->
  <testcase name="@BeforeClass launchBrowser" time="0.0" classname="BranchIO.com.HomePageTest">
    <skipped/>
  </testcase> <!-- @BeforeClass launchBrowser -->
  <testcase name="@AfterClass teardown" time="0.0" classname="BranchIO.com.Base">
    <skipped/>
  </testcase> <!-- @AfterClass teardown -->
  <testcase name="launchHomePage" time="0.0" classname="BranchIO.com.HomePageTest">
    <skipped/>
  </testcase> <!-- launchHomePage -->
  <testcase name="HomePage_team" time="0.0" classname="BranchIO.com.HomePageTest">
    <skipped/>
  </testcase> <!-- HomePage_team -->
  <testcase name="varifyEmployeeList" time="0.0" classname="BranchIO.com.HomePageTest">
    <skipped/>
  </testcase> <!-- varifyEmployeeList -->
  <testcase name="validateNumberOfEmployee" time="0.0" classname="BranchIO.com.HomePageTest">
    <skipped/>
  </testcase> <!-- validateNumberOfEmployee -->
  <testcase name="navigateHomePageWithGoogle" time="0.0" classname="BranchIO.com.HomePageTest">
    <skipped/>
  </testcase> <!-- navigateHomePageWithGoogle -->
  <testcase name="openNewtab" time="0.0" classname="BranchIO.com.HomePageTest">
    <skipped/>
  </testcase> <!-- openNewtab -->
</testsuite> <!-- TC004_ch  -->
