<?xml version="1.0" encoding="UTF-8"?>
<!-- Generated by org.testng.reporters.JUnitXMLReporter -->
<testsuite hostname="MANJUB03" ignored="0" name="Default test" tests="3" failures="0" timestamp="13 May 2017 00:02:02 GMT" time="3.203" errors="0">
  <testcase name="getProductOrder" time="2.215" classname="com.RestAssured.test.GetProductOrder"/>
  <testcase name="createProductOrder" time="0.274" classname="com.RestAssured.test.GetProductOrder"/>
  <testcase name="TC003_notFound" time="0.155" classname="com.RestAssured.test.GetProductOrder"/>
</testsuite> <!-- Default test -->
